<?xml version="1.0" encoding="UTF-8"?>
<testsuite xmlns:xsi="http://www.w3.org/2001/XMLSchema-instance" xsi:noNamespaceSchemaLocation="https://maven.apache.org/surefire/maven-surefire-plugin/xsd/surefire-test-report-3.0.xsd" version="3.0" name="one.formwork.channel.sms.cost.SmsCostServiceTest$ExtractCountryCode" time="0.025" tests="13" errors="0" skipped="0" failures="0">
  <properties>
[...]
</properties>
  <testcase name="extractCountryCode_KnownPrefixes_ReturnsCode(String, String)[1]" classname="one.formwork.channel.sms.cost.SmsCostServiceTest$ExtractCountryCode" time="0.002"/>
  <testcase name="extractCountryCode_KnownPrefixes_ReturnsCode(String, String)[2]" classname="one.formwork.channel.sms.cost.SmsCostServiceTest$ExtractCountryCode" time="0.001"/>
  <testcase name="extractCountryCode_KnownPrefixes_ReturnsCode(String, String)[3]" classname="one.formwork.channel.sms.cost.SmsCostServiceTest$ExtractCountryCode" time="0.001"/>
  <testcase name="extractCountryCode_KnownPrefixes_ReturnsCode(String, String)[4]" classname="one.formwork.channel.sms.cost.SmsCostServiceTest$ExtractCountryCode" time="0.001"/>
  <testcase name="extractCountryCode_KnownPrefixes_ReturnsCode(String, String)[5]" classname="one.formwork.channel.sms.cost.SmsCostServiceTest$ExtractCountryCode" time="0.001"/>
  <testcase name="extractCountryCode_KnownPrefixes_ReturnsCode(String, String)[6]" classname="one.formwork.channel.sms.cost.SmsCostServiceTest$ExtractCountryCode" time="0.001"/>
  <testcase name="extractCountryCode_KnownPrefixes_ReturnsCode(String, String)[7]" classname="one.formwork.channel.sms.cost.SmsCostServiceTest$ExtractCountryCode" time="0.001"/>
  <testcase name="extractCountryCode_KnownPrefixes_ReturnsCode(String, String)[8]" classname="one.formwork.channel.sms.cost.SmsCostServiceTest$ExtractCountryCode" time="0.001"/>
  <testcase name="extractCountryCode_KnownPrefixes_ReturnsCode(String, String)[9]" classname="one.formwork.channel.sms.cost.SmsCostServiceTest$ExtractCountryCode" time="0.002"/>
  <testcase name="extractCountryCode_KnownPrefixes_ReturnsCode(String, String)[10]" classname="one.formwork.channel.sms.cost.SmsCostServiceTest$ExtractCountryCode" time="0.002"/>
  <testcase name="extractCountryCode_Null_ReturnsXX" classname="one.formwork.channel.sms.cost.SmsCostServiceTest$ExtractCountryCode" time="0.001"/>
  <testcase name="extractCountryCode_UnknownPrefix_ReturnsPrefixDigits" classname="one.formwork.channel.sms.cost.SmsCostServiceTest$ExtractCountryCode" time="0.001"/>
  <testcase name="extractCountryCode_ShortNumber_ReturnsXX" classname="one.formwork.channel.sms.cost.SmsCostServiceTest$ExtractCountryCode" time="0.0"/>
</testsuite>